wear/build/intermediates/manifest_merge_blame_file/debug/processDebugMainManifest/manifest-merger-blame-debug-report.txt
1<?xml version="1.0" encoding="utf-8"?>
2<manifest xmlns:android="http://schemas.android.com/apk/res/android"
3    package="com.leandrocaf.wearosbatterylevelcheck"
4    android:versionCode="1"
5    android:versionName="1.0" >
6
7    <uses-sdk
8        android:minSdkVersion="30"
9        android:targetSdkVersion="36" />
10
11    <uses-feature android:name="android.hardware.type.watch" />
11-->src/main/AndroidManifest.xml:4:5-64
11-->src/main/AndroidManifest.xml:4:19-61
12
13    <permission
13-->[androidx.core:core:1.17.0] AndroidManifest.xml:22:5-24:47
14        android:name="com.leandrocaf.wearosbatterylevelcheck.DYNAMIC_RECEIVER_NOT_EXPORTED_PERMISSION"
14-->[androidx.core:core:1.17.0] AndroidManifest.xml:23:9-81
15        android:protectionLevel="signature" />
15-->[androidx.core:core:1.17.0] AndroidManifest.xml:24:9-44
16
17    <uses-permission android:name="com.leandrocaf.wearosbatterylevelcheck.DYNAMIC_RECEIVER_NOT_EXPORTED_PERMISSION" />
17-->[androidx.core:core:1.17.0] AndroidManifest.xml:26:5-97
17-->[androidx.core:core:1.17.0] AndroidManifest.xml:26:22-94
18
19    <application
19-->src/main/AndroidManifest.xml:6:5-41:19
20        android:allowBackup="true"
20-->src/main/AndroidManifest.xml:7:9-35
21        android:appComponentFactory="androidx.core.app.CoreComponentFactory"
21-->[androidx.core:core:1.17.0] AndroidManifest.xml:28:18-86
22        android:debuggable="true"
23        android:extractNativeLibs="false"
24        android:label="@string/app_name"
24-->src/main/AndroidManifest.xml:8:9-41
25        android:supportsRtl="true"
25-->src/main/AndroidManifest.xml:9:9-35
26        android:testOnly="true"
27        android:theme="@android:style/Theme.DeviceDefault" >
27-->src/main/AndroidManifest.xml:10:9-59
28        <activity
28-->src/main/AndroidManifest.xml:12:9-20:20
29            android:name="com.leandrocaf.wearosbatterylevelcheck.MainActivity"
29-->src/main/AndroidManifest.xml:13:13-41
30            android:exported="true"
30-->src/main/AndroidManifest.xml:14:13-36
31            android:label="@string/app_name" >
31-->src/main/AndroidManifest.xml:15:13-45
32            <intent-filter>
32-->src/main/AndroidManifest.xml:16:13-19:29
33                <action android:name="android.intent.action.MAIN" />
33-->src/main/AndroidManifest.xml:17:17-69
33-->src/main/AndroidManifest.xml:17:25-66
34
35                <category android:name="android.intent.category.LAUNCHER" />
35-->src/main/AndroidManifest.xml:18:17-77
35-->src/main/AndroidManifest.xml:18:27-74
36            </intent-filter>
37        </activity>
38
39        <service
39-->src/main/AndroidManifest.xml:22:9-39:19
40            android:name="com.leandrocaf.wearosbatterylevelcheck.BatteryListenerService"
40-->src/main/AndroidManifest.xml:23:13-51
41            android:exported="true" >
41-->src/main/AndroidManifest.xml:24:13-36
42            <intent-filter>
42-->src/main/AndroidManifest.xml:25:13-31:29
43                <action android:name="com.google.android.gms.wearable.MESSAGE_RECEIVED" />
43-->src/main/AndroidManifest.xml:26:17-91
43-->src/main/AndroidManifest.xml:26:25-88
44
45                <data
45-->src/main/AndroidManifest.xml:27:17-30:45
46                    android:host="*"
46-->src/main/AndroidManifest.xml:28:21-37
47                    android:pathPrefix="/battery_request"
47-->src/main/AndroidManifest.xml:29:21-58
48                    android:scheme="wear" />
48-->src/main/AndroidManifest.xml:30:21-42
49            </intent-filter>
50            <intent-filter>
50-->src/main/AndroidManifest.xml:32:13-38:29
51                <action android:name="com.google.android.gms.wearable.MESSAGE_RECEIVED" />
51-->src/main/AndroidManifest.xml:26:17-91
51-->src/main/AndroidManifest.xml:26:25-88
52
53                <data
53-->src/main/AndroidManifest.xml:27:17-30:45
54                    android:host="*"
54-->src/main/AndroidManifest.xml:28:21-37
55                    android:pathPrefix="/phone_battery"
55-->src/main/AndroidManifest.xml:29:21-58
56                    android:scheme="wear" />
56-->src/main/AndroidManifest.xml:30:21-42
57            </intent-filter>
58        </service>
59
60        <uses-library
60-->[androidx.wear.compose:compose-foundation:1.4.1] AndroidManifest.xml:23:9-25:40
61            android:name="wear-sdk"
61-->[androidx.wear.compose:compose-foundation:1.4.1] AndroidManifest.xml:24:13-36
62            android:required="false" />
62-->[androidx.wear.compose:compose-foundation:1.4.1] AndroidManifest.xml:25:13-37
63
64        <activity
64-->[com.google.android.gms:play-services-base:18.5.0] AndroidManifest.xml:5:9-173
65            android:name="com.google.android.gms.common.api.GoogleApiActivity"
65-->[com.google.android.gms:play-services-base:18.5.0] AndroidManifest.xml:5:19-85
66            android:exported="false"
66-->[com.google.android.gms:play-services-base:18.5.0] AndroidManifest.xml:5:146-170
67            android:theme="@android:style/Theme.Translucent.NoTitleBar" />
67-->[com.google.android.gms:play-services-base:18.5.0] AndroidManifest.xml:5:86-145
68        <activity
68-->[androidx.compose.ui:ui-tooling-android:1.9.2] AndroidManifest.xml:23:9-25:39
69            android:name="androidx.compose.ui.tooling.PreviewActivity"
69-->[androidx.compose.ui:ui-tooling-android:1.9.2] AndroidManifest.xml:24:13-71
70            android:exported="true" />
70-->[androidx.compose.ui:ui-tooling-android:1.9.2] AndroidManifest.xml:25:13-36
71
72        <provider
72-->[androidx.emoji2:emoji2:1.4.0] AndroidManifest.xml:24:9-32:20
73            android:name="androidx.startup.InitializationProvider"
73-->[androidx.emoji2:emoji2:1.4.0] AndroidManifest.xml:25:13-67
74            android:authorities="com.leandrocaf.wearosbatterylevelcheck.androidx-startup"
74-->[androidx.emoji2:emoji2:1.4.0] AndroidManifest.xml:26:13-68
75            android:exported="false" >
75-->[androidx.emoji2:emoji2:1.4.0] AndroidManifest.xml:27:13-37
76            <meta-data
76-->[androidx.emoji2:emoji2:1.4.0] AndroidManifest.xml:29:13-31:52
77                android:name="androidx.emoji2.text.EmojiCompatInitializer"
77-->[androidx.emoji2:emoji2:1.4.0] AndroidManifest.xml:30:17-75
78                android:value="androidx.startup" />
78-->[androidx.emoji2:emoji2:1.4.0] AndroidManifest.xml:31:17-49
79            <meta-data
79-->[androidx.lifecycle:lifecycle-process:2.9.4] AndroidManifest.xml:29:13-31:52
80                android:name="androidx.lifecycle.ProcessLifecycleInitializer"
80-->[androidx.lifecycle:lifecycle-process:2.9.4] AndroidManifest.xml:30:17-78
81                android:value="androidx.startup" />
81-->[androidx.lifecycle:lifecycle-process:2.9.4] AndroidManifest.xml:31:17-49
82            <meta-data
82-->[androidx.profileinstaller:profileinstaller:1.4.0] AndroidManifest.xml:29:13-31:52
83                android:name="androidx.profileinstaller.ProfileInstallerInitializer"
83-->[androidx.profileinstaller:profileinstaller:1.4.0] AndroidManifest.xml:30:17-85
84                android:value="androidx.startup" />
84-->[androidx.profileinstaller:profileinstaller:1.4.0] AndroidManifest.xml:31:17-49
85        </provider>
86
87        <meta-data
87-->[com.google.android.gms:play-services-basement:18.4.0] AndroidManifest.xml:6:9-122
88            android:name="com.google.android.gms.version"
88-->[com.google.android.gms:play-services-basement:18.4.0] AndroidManifest.xml:6:20-65
89            android:value="@integer/google_play_services_version" />
89-->[com.google.android.gms:play-services-basement:18.4.0] AndroidManifest.xml:6:66-119
90
91        <receiver
91-->[androidx.profileinstaller:profileinstaller:1.4.0] AndroidManifest.xml:34:9-52:20
92            android:name="androidx.profileinstaller.ProfileInstallReceiver"
92-->[androidx.profileinstaller:profileinstaller:1.4.0] AndroidManifest.xml:35:13-76
93            android:directBootAware="false"
93-->[androidx.profileinstaller:profileinstaller:1.4.0] AndroidManifest.xml:36:13-44
94            android:enabled="true"
94-->[androidx.profileinstaller:profileinstaller:1.4.0] AndroidManifest.xml:37:13-35
95            android:exported="true"
95-->[androidx.profileinstaller:profileinstaller:1.4.0] AndroidManifest.xml:38:13-36
96            android:permission="android.permission.DUMP" >
96-->[androidx.profileinstaller:profileinstaller:1.4.0] AndroidManifest.xml:39:13-57
97            <intent-filter>
97-->[androidx.profileinstaller:profileinstaller:1.4.0] AndroidManifest.xml:40:13-42:29
98                <action android:name="androidx.profileinstaller.action.INSTALL_PROFILE" />
98-->[androidx.profileinstaller:profileinstaller:1.4.0] AndroidManifest.xml:41:17-91
98-->[androidx.profileinstaller:profileinstaller:1.4.0] AndroidManifest.xml:41:25-88
99            </intent-filter>
100            <intent-filter>
100-->[androidx.profileinstaller:profileinstaller:1.4.0] AndroidManifest.xml:43:13-45:29
101                <action android:name="androidx.profileinstaller.action.SKIP_FILE" />
101-->[androidx.profileinstaller:profileinstaller:1.4.0] AndroidManifest.xml:44:17-85
101-->[androidx.profileinstaller:profileinstaller:1.4.0] AndroidManifest.xml:44:25-82
102            </intent-filter>
103            <intent-filter>
103-->[androidx.profileinstaller:profileinstaller:1.4.0] AndroidManifest.xml:46:13-48:29
104                <action android:name="androidx.profileinstaller.action.SAVE_PROFILE" />
104-->[androidx.profileinstaller:profileinstaller:1.4.0] AndroidManifest.xml:47:17-88
104-->[androidx.profileinstaller:profileinstaller:1.4.0] AndroidManifest.xml:47:25-85
105            </intent-filter>
106            <intent-filter>
106-->[androidx.profileinstaller:profileinstaller:1.4.0] AndroidManifest.xml:49:13-51:29
107                <action android:name="androidx.profileinstaller.action.BENCHMARK_OPERATION" />
107-->[androidx.profileinstaller:profileinstaller:1.4.0] AndroidManifest.xml:50:17-95
107-->[androidx.profileinstaller:profileinstaller:1.4.0] AndroidManifest.xml:50:25-92
108            </intent-filter>
109        </receiver>
110    </application>
111
112</manifest>